<?xml version="1.0" encoding="UTF-8"?>
<!-- Generated by org.testng.reporters.JUnitReportReporter -->
<testsuite name="Indee.Test.MobileBrowserTest" tests="1" time="27.029" ignored="0" failures="0" timestamp="15 Apr 2020 22:23:40 GMT" skipped="0" hostname="Rohiths-MacBook-Pro.local" errors="0">
  <testcase name="indeeTest" time="27.029" classname="Indee.Test.MobileBrowserTest"/>
</testsuite> <!-- Indee.Test.MobileBrowserTest -->
