<?xml version="1.0" encoding="UTF-8"?>
<!-- Generated by org.testng.reporters.JUnitReportReporter -->
<testsuite name="Indee.Test.IndeeTest" tests="1" time="25.910" ignored="0" failures="0" timestamp="15 Apr 2020 20:26:53 GMT" skipped="0" hostname="Rohiths-MacBook-Pro.local" errors="0">
  <testcase name="test" time="25.910" classname="Indee.Test.IndeeTest"/>
</testsuite> <!-- Indee.Test.IndeeTest -->
