<?xml version="1.0" encoding="UTF-8"?>
<!-- Generated by org.testng.reporters.JUnitReportReporter -->
<testsuite name="Indee.Test.DesktopBrowserTest" tests="1" time="25.095" ignored="0" failures="0" timestamp="15 Apr 2020 22:22:48 GMT" skipped="0" hostname="Rohiths-MacBook-Pro.local" errors="0">
  <testcase name="test" time="25.095" classname="Indee.Test.DesktopBrowserTest"/>
</testsuite> <!-- Indee.Test.DesktopBrowserTest -->
